Arguments: 
  /usr/local/bin/node /usr/local/bin/yarn

PATH: 
  /Library/Frameworks/Python.framework/Versions/3.6/bin:/usr/local/bin:/usr/bin:/bin:/usr/sbin:/sbin

Yarn version: 
  1.3.2

Node version: 
  6.10.3

Platform: 
  darwin x64

npm manifest: 
  {
    "name": "nuxt-demo",
    "version": "1.0.0",
    "description": "Nuxt.js project",
    "author": "Matt Yao <mattyao1984@gmail.com>",
    "private": true,
    "scripts": {
      "dev": "nuxt",
      "build": "nuxt build",
      "start": "nuxt start",
      "generate": "nuxt generate",
      "lint": "eslint --ext .js,.vue --ignore-path .gitignore .",
      "precommit": "npm run lint"
    },
    "dependencies": {
      "nuxt": "^1.0.0-rc11"
    },
    "devDependencies": {
      "babel-eslint": "^7.2.3",
      "eslint": "^4.3.0",
      "eslint-config-standard": "^10.2.1",
      "eslint-loader": "^1.9.0",
      "eslint-plugin-html": "^3.1.1",
      "eslint-plugin-import": "^2.7.0",
      "eslint-plugin-node": "^5.1.1",
      "eslint-plugin-promise": "^3.5.0",
      "eslint-plugin-standard": "^3.0.1"
    }
  }

yarn manifest: 
  No manifest

Lockfile: 
  No lockfile

Trace: 
  Error: connect ENETUNREACH 104.16.61.173:443 - Local (0.0.0.0:49379)
      at Object.exports._errnoException (util.js:1018:11)
      at exports._exceptionWithHostPort (util.js:1041:20)
      at connect (net.js:880:16)
      at net.js:1009:7
      at /usr/local/lib/node_modules/yarn/lib/cli.js:94209:28
      at /usr/local/lib/node_modules/yarn/lib/cli.js:94118:13
      at RawTask.module.exports.RawTask.call (/usr/local/lib/node_modules/yarn/lib/cli.js:78685:19)
      at flush (/usr/local/lib/node_modules/yarn/lib/cli.js:78767:29)
      at _combinedTickCallback (internal/process/next_tick.js:73:7)
      at process._tickCallback (internal/process/next_tick.js:104:9)
